<?xml version="1.0" encoding="UTF-8"?>
<!-- Generated by org.testng.reporters.JUnitXMLReporter -->
<testsuite ignored="3" hostname="Bharath" failures="0" tests="2" name="Test2" time="0.069" errors="0" timestamp="2025-01-15T08:40:20 IST">
  <testcase classname="com.framework.testngConcepts.TestNGTests" name="TestCase3" time="0.013"/>
  <testcase classname="com.framework.testngConcepts.TestNGTests" name="TestCase3" time="0.003"/>
  <testcase classname="com.framework.testngConcepts.TestNGTests" name="TestCase1" time="0.0">
    <ignored/>
  </testcase> <!-- TestCase1 -->
  <testcase classname="com.framework.testngConcepts.TestNGTests" name="TestCase4" time="0.0">
    <ignored/>
  </testcase> <!-- TestCase4 -->
  <testcase classname="com.framework.testngConcepts.TestNGTests" name="TestCase2" time="0.0">
    <ignored/>
  </testcase> <!-- TestCase2 -->
</testsuite> <!-- Test2 -->
