<?xml version="1.0" encoding="UTF-8"?>
<!-- Generated by org.testng.reporters.JUnitXMLReporter -->
<testsuite ignored="3" hostname="Bharath" failures="0" tests="1" name="Test1" time="0.07" errors="0" timestamp="2025-01-15T08:40:20 IST">
  <testcase classname="com.framework.testngConcepts.TestNGTests" name="TestCase1" time="0.007"/>
  <testcase classname="com.framework.testngConcepts.TestNGTests" name="TestCase2" time="0.0">
    <ignored/>
  </testcase> <!-- TestCase2 -->
  <testcase classname="com.framework.testngConcepts.TestNGTests" name="TestCase3" time="0.0">
    <ignored/>
  </testcase> <!-- TestCase3 -->
  <testcase classname="com.framework.testngConcepts.TestNGTests" name="TestCase4" time="0.0">
    <ignored/>
  </testcase> <!-- TestCase4 -->
</testsuite> <!-- Test1 -->
